0 info it worked if it ends with ok
1 verbose cli [ 'C:\\Program Files\\node.exe',
1 verbose cli   'C:\\Program Files\\node_modules\\npm\\bin\\npm-cli.js',
1 verbose cli   'install',
1 verbose cli   'zone.js' ]
2 info using npm@3.3.12
3 info using node@v5.3.0
4 silly loadCurrentTree Starting
5 silly install loadCurrentTree
6 silly install readLocalPackageData
7 silly rollbackFailedOptional Starting
8 silly rollbackFailedOptional Finishing
9 silly runTopLevelLifecycles Starting
10 silly runTopLevelLifecycles Finishing
11 silly install printInstalled
12 verbose stack Error: ENOENT: no such file or directory, stat 'D:\jsprojects\integro\node_modules\es6-shim'
12 verbose stack     at Error (native)
13 verbose cwd D:\jsprojects\integro
14 error Windows_NT 6.3.9600
15 error argv "C:\\Program Files\\node.exe" "C:\\Program Files\\node_modules\\npm\\bin\\npm-cli.js" "install" "zone.js"
16 error node v5.3.0
17 error npm  v3.3.12
18 error path D:\jsprojects\integro\node_modules\es6-shim
19 error code ENOENT
20 error errno -4058
21 error syscall stat
22 error enoent ENOENT: no such file or directory, stat 'D:\jsprojects\integro\node_modules\es6-shim'
22 error enoent This is most likely not a problem with npm itself
22 error enoent and is related to npm not being able to find a file.
23 verbose exit [ -4058, true ]
